{"/Users/laurentcoiffard/Documents/dev/frontend/src/App.js": {"path":"/Users/laurentcoiffard/Documents/dev/frontend/src/App.js","statementMap":{"0":{"start":{"line":10,"column":4},"end":{"line":18,"column":5}}},"fnMap":{"0":{"name":"(anonymous_0)","decl":{"start":{"line":9,"column":2},"end":{"line":9,"column":3}},"loc":{"start":{"line":9,"column":11},"end":{"line":19,"column":3}},"line":9}},"branchMap":{},"s":{"0":7},"f":{"0":7},"b":{},"_coverageSchema":"1a1c01bbd47fc00a2c39e90264f33305004495a9","hash":"98915b7429b1a0e22d101219313d65468b7eb62b"}
,"/Users/laurentcoiffard/Documents/dev/frontend/src/AppNavbar.js": {"path":"/Users/laurentcoiffard/Documents/dev/frontend/src/AppNavbar.js","statementMap":{"0":{"start":{"line":7,"column":8},"end":{"line":7,"column":21}},"1":{"start":{"line":8,"column":8},"end":{"line":8,"column":37}},"2":{"start":{"line":9,"column":8},"end":{"line":9,"column":45}},"3":{"start":{"line":13,"column":8},"end":{"line":15,"column":11}},"4":{"start":{"line":19,"column":8},"end":{"line":21,"column":18}}},"fnMap":{"0":{"name":"(anonymous_0)","decl":{"start":{"line":6,"column":4},"end":{"line":6,"column":5}},"loc":{"start":{"line":6,"column":23},"end":{"line":10,"column":5}},"line":6},"1":{"name":"(anonymous_1)","decl":{"start":{"line":12,"column":4},"end":{"line":12,"column":5}},"loc":{"start":{"line":12,"column":13},"end":{"line":16,"column":5}},"line":12},"2":{"name":"(anonymous_2)","decl":{"start":{"line":18,"column":4},"end":{"line":18,"column":5}},"loc":{"start":{"line":18,"column":13},"end":{"line":22,"column":5}},"line":18}},"branchMap":{},"s":{"0":10,"1":10,"2":10,"3":0,"4":15},"f":{"0":10,"1":0,"2":15},"b":{},"_coverageSchema":"1a1c01bbd47fc00a2c39e90264f33305004495a9","hash":"4e432dbe3c346f254edfe4807bdc567d82f89188"}
,"/Users/laurentcoiffard/Documents/dev/frontend/src/Home.js": {"path":"/Users/laurentcoiffard/Documents/dev/frontend/src/Home.js","statementMap":{"0":{"start":{"line":9,"column":8},"end":{"line":16,"column":10}}},"fnMap":{"0":{"name":"(anonymous_0)","decl":{"start":{"line":8,"column":4},"end":{"line":8,"column":5}},"loc":{"start":{"line":8,"column":13},"end":{"line":17,"column":5}},"line":8}},"branchMap":{},"s":{"0":2},"f":{"0":2},"b":{},"_coverageSchema":"1a1c01bbd47fc00a2c39e90264f33305004495a9","hash":"1667b74774d7616329995d1d58b8b39b802f542d"}
,"/Users/laurentcoiffard/Documents/dev/frontend/src/index.js": {"path":"/Users/laurentcoiffard/Documents/dev/frontend/src/index.js","statementMap":{"0":{"start":{"line":8,"column":0},"end":{"line":13,"column":2}},"1":{"start":{"line":18,"column":0},"end":{"line":18,"column":18}}},"fnMap":{},"branchMap":{},"s":{"0":0,"1":0},"f":{},"b":{}}
,"/Users/laurentcoiffard/Documents/dev/frontend/src/reportWebVitals.js": {"path":"/Users/laurentcoiffard/Documents/dev/frontend/src/reportWebVitals.js","statementMap":{"0":{"start":{"line":1,"column":24},"end":{"line":11,"column":1}},"1":{"start":{"line":2,"column":2},"end":{"line":10,"column":3}},"2":{"start":{"line":3,"column":4},"end":{"line":9,"column":7}},"3":{"start":{"line":4,"column":6},"end":{"line":4,"column":26}},"4":{"start":{"line":5,"column":6},"end":{"line":5,"column":26}},"5":{"start":{"line":6,"column":6},"end":{"line":6,"column":26}},"6":{"start":{"line":7,"column":6},"end":{"line":7,"column":26}},"7":{"start":{"line":8,"column":6},"end":{"line":8,"column":27}}},"fnMap":{"0":{"name":"(anonymous_0)","decl":{"start":{"line":1,"column":24},"end":{"line":1,"column":25}},"loc":{"start":{"line":1,"column":39},"end":{"line":11,"column":1}},"line":1},"1":{"name":"(anonymous_1)","decl":{"start":{"line":3,"column":30},"end":{"line":3,"column":31}},"loc":{"start":{"line":3,"column":79},"end":{"line":9,"column":5}},"line":3}},"branchMap":{"0":{"loc":{"start":{"line":2,"column":2},"end":{"line":10,"column":3}},"type":"if","locations":[{"start":{"line":2,"column":2},"end":{"line":10,"column":3}},{"start":{},"end":{}}],"line":2},"1":{"loc":{"start":{"line":2,"column":6},"end":{"line":2,"column":52}},"type":"binary-expr","locations":[{"start":{"line":2,"column":6},"end":{"line":2,"column":17}},{"start":{"line":2,"column":21},"end":{"line":2,"column":52}}],"line":2}},"s":{"0":0,"1":0,"2":0,"3":0,"4":0,"5":0,"6":0,"7":0},"f":{"0":0,"1":0},"b":{"0":[0,0],"1":[0,0]}}
,"/Users/laurentcoiffard/Documents/dev/frontend/src/events/EventCreate.js": {"path":"/Users/laurentcoiffard/Documents/dev/frontend/src/events/EventCreate.js","statementMap":{"0":{"start":{"line":12,"column":12},"end":{"line":17,"column":5}},"1":{"start":{"line":20,"column":8},"end":{"line":20,"column":21}},"2":{"start":{"line":21,"column":8},"end":{"line":23,"column":10}},"3":{"start":{"line":24,"column":8},"end":{"line":24,"column":57}},"4":{"start":{"line":25,"column":8},"end":{"line":25,"column":57}},"5":{"start":{"line":26,"column":26},"end":{"line":26,"column":133}},"6":{"start":{"line":26,"column":36},"end":{"line":26,"column":133}},"7":{"start":{"line":27,"column":8},"end":{"line":27,"column":92}},"8":{"start":{"line":31,"column":23},"end":{"line":31,"column":35}},"9":{"start":{"line":32,"column":22},"end":{"line":32,"column":34}},"10":{"start":{"line":33,"column":21},"end":{"line":33,"column":32}},"11":{"start":{"line":34,"column":19},"end":{"line":34,"column":39}},"12":{"start":{"line":35,"column":8},"end":{"line":35,"column":27}},"13":{"start":{"line":36,"column":8},"end":{"line":36,"column":30}},"14":{"start":{"line":40,"column":4},"end":{"line":40,"column":27}},"15":{"start":{"line":41,"column":19},"end":{"line":41,"column":29}},"16":{"start":{"line":43,"column":4},"end":{"line":50,"column":7}},"17":{"start":{"line":51,"column":4},"end":{"line":51,"column":39}},"18":{"start":{"line":55,"column":23},"end":{"line":55,"column":33}},"19":{"start":{"line":56,"column":22},"end":{"line":56,"column":44}},"20":{"start":{"line":58,"column":8},"end":{"line":97,"column":14}},"21":{"start":{"line":80,"column":46},"end":{"line":80,"column":98}},"22":{"start":{"line":89,"column":46},"end":{"line":89,"column":96}}},"fnMap":{"0":{"name":"(anonymous_0)","decl":{"start":{"line":19,"column":4},"end":{"line":19,"column":5}},"loc":{"start":{"line":19,"column":23},"end":{"line":28,"column":5}},"line":19},"1":{"name":"(anonymous_1)","decl":{"start":{"line":26,"column":26},"end":{"line":26,"column":27}},"loc":{"start":{"line":26,"column":36},"end":{"line":26,"column":133}},"line":26},"2":{"name":"(anonymous_2)","decl":{"start":{"line":30,"column":4},"end":{"line":30,"column":5}},"loc":{"start":{"line":30,"column":24},"end":{"line":37,"column":5}},"line":30},"3":{"name":"(anonymous_3)","decl":{"start":{"line":39,"column":0},"end":{"line":39,"column":1}},"loc":{"start":{"line":39,"column":26},"end":{"line":52,"column":1}},"line":39},"4":{"name":"(anonymous_4)","decl":{"start":{"line":54,"column":4},"end":{"line":54,"column":5}},"loc":{"start":{"line":54,"column":13},"end":{"line":98,"column":5}},"line":54},"5":{"name":"(anonymous_5)","decl":{"start":{"line":80,"column":35},"end":{"line":80,"column":36}},"loc":{"start":{"line":80,"column":46},"end":{"line":80,"column":98}},"line":80},"6":{"name":"(anonymous_6)","decl":{"start":{"line":89,"column":35},"end":{"line":89,"column":36}},"loc":{"start":{"line":89,"column":46},"end":{"line":89,"column":96}},"line":89}},"branchMap":{"0":{"loc":{"start":{"line":26,"column":63},"end":{"line":26,"column":121}},"type":"binary-expr","locations":[{"start":{"line":26,"column":63},"end":{"line":26,"column":92}},{"start":{"line":26,"column":96},"end":{"line":26,"column":121}}],"line":26},"1":{"loc":{"start":{"line":27,"column":32},"end":{"line":27,"column":90}},"type":"binary-expr","locations":[{"start":{"line":27,"column":32},"end":{"line":27,"column":61}},{"start":{"line":27,"column":65},"end":{"line":27,"column":90}}],"line":27}},"s":{"0":4,"1":4,"2":4,"3":4,"4":4,"5":4,"6":4,"7":4,"8":4,"9":4,"10":4,"11":4,"12":4,"13":4,"14":2,"15":2,"16":2,"17":2,"18":8,"19":8,"20":8,"21":1,"22":1},"f":{"0":4,"1":4,"2":4,"3":2,"4":8,"5":1,"6":1},"b":{"0":[4,4],"1":[4,4]},"_coverageSchema":"1a1c01bbd47fc00a2c39e90264f33305004495a9","hash":"5156ef6845608f68cb0db14ad84da1fb6690419f"}
,"/Users/laurentcoiffard/Documents/dev/frontend/src/events/EventList.js": {"path":"/Users/laurentcoiffard/Documents/dev/frontend/src/events/EventList.js","statementMap":{"0":{"start":{"line":10,"column":8},"end":{"line":10,"column":21}},"1":{"start":{"line":11,"column":8},"end":{"line":11,"column":34}},"2":{"start":{"line":12,"column":8},"end":{"line":12,"column":81}},"3":{"start":{"line":17,"column":8},"end":{"line":17,"column":74}},"4":{"start":{"line":22,"column":8},"end":{"line":24,"column":57}},"5":{"start":{"line":23,"column":30},"end":{"line":23,"column":45}},"6":{"start":{"line":24,"column":26},"end":{"line":24,"column":55}},"7":{"start":{"line":30,"column":25},"end":{"line":30,"column":35}},"8":{"start":{"line":32,"column":26},"end":{"line":39,"column":10}},"9":{"start":{"line":33,"column":12},"end":{"line":38,"column":17}},"10":{"start":{"line":41,"column":8},"end":{"line":64,"column":10}}},"fnMap":{"0":{"name":"(anonymous_0)","decl":{"start":{"line":9,"column":4},"end":{"line":9,"column":5}},"loc":{"start":{"line":9,"column":23},"end":{"line":13,"column":5}},"line":9},"1":{"name":"(anonymous_1)","decl":{"start":{"line":15,"column":5},"end":{"line":15,"column":6}},"loc":{"start":{"line":15,"column":22},"end":{"line":19,"column":5}},"line":15},"2":{"name":"(anonymous_2)","decl":{"start":{"line":21,"column":4},"end":{"line":21,"column":5}},"loc":{"start":{"line":21,"column":24},"end":{"line":25,"column":5}},"line":21},"3":{"name":"(anonymous_3)","decl":{"start":{"line":23,"column":18},"end":{"line":23,"column":19}},"loc":{"start":{"line":23,"column":30},"end":{"line":23,"column":45}},"line":23},"4":{"name":"(anonymous_4)","decl":{"start":{"line":24,"column":18},"end":{"line":24,"column":19}},"loc":{"start":{"line":24,"column":26},"end":{"line":24,"column":55}},"line":24},"5":{"name":"(anonymous_5)","decl":{"start":{"line":29,"column":4},"end":{"line":29,"column":5}},"loc":{"start":{"line":29,"column":13},"end":{"line":65,"column":5}},"line":29},"6":{"name":"(anonymous_6)","decl":{"start":{"line":32,"column":37},"end":{"line":32,"column":38}},"loc":{"start":{"line":32,"column":46},"end":{"line":39,"column":9}},"line":32}},"branchMap":{"0":{"loc":{"start":{"line":12,"column":22},"end":{"line":12,"column":80}},"type":"binary-expr","locations":[{"start":{"line":12,"column":22},"end":{"line":12,"column":51}},{"start":{"line":12,"column":55},"end":{"line":12,"column":80}}],"line":12},"1":{"loc":{"start":{"line":17,"column":15},"end":{"line":17,"column":73}},"type":"cond-expr","locations":[{"start":{"line":17,"column":22},"end":{"line":17,"column":68}},{"start":{"line":17,"column":71},"end":{"line":17,"column":73}}],"line":17}},"s":{"0":4,"1":4,"2":4,"3":4,"4":4,"5":1,"6":1,"7":5,"8":5,"9":2,"10":5},"f":{"0":4,"1":4,"2":4,"3":1,"4":1,"5":5,"6":2},"b":{"0":[4,4],"1":[4,0]},"_coverageSchema":"1a1c01bbd47fc00a2c39e90264f33305004495a9","hash":"e77e8a5dc69a841c3956169c7f596dfdc0af66b6"}
}
