TN:
SF:src/App.js
FN:9,(anonymous_0)
FNF:1
FNH:1
FNDA:7,(anonymous_0)
DA:10,7
LF:1
LH:1
BRF:0
BRH:0
end_of_record
TN:
SF:src/AppNavbar.js
FN:6,(anonymous_0)
FN:12,(anonymous_1)
FN:18,(anonymous_2)
FNF:3
FNH:2
FNDA:10,(anonymous_0)
FNDA:0,(anonymous_1)
FNDA:15,(anonymous_2)
DA:7,10
DA:8,10
DA:9,10
DA:13,0
DA:19,15
LF:5
LH:4
BRF:0
BRH:0
end_of_record
TN:
SF:src/Home.js
FN:8,(anonymous_0)
FNF:1
FNH:1
FNDA:2,(anonymous_0)
DA:9,2
LF:1
LH:1
BRF:0
BRH:0
end_of_record
TN:
SF:src/index.js
FNF:0
FNH:0
DA:8,0
DA:18,0
LF:2
LH:0
BRF:0
BRH:0
end_of_record
TN:
SF:src/reportWebVitals.js
FN:1,(anonymous_0)
FN:3,(anonymous_1)
FNF:2
FNH:0
FNDA:0,(anonymous_0)
FNDA:0,(anonymous_1)
DA:1,0
DA:2,0
DA:3,0
DA:4,0
DA:5,0
DA:6,0
DA:7,0
DA:8,0
LF:8
LH:0
BRDA:2,0,0,0
BRDA:2,0,1,0
BRDA:2,1,0,0
BRDA:2,1,1,0
BRF:4
BRH:0
end_of_record
TN:
SF:src/events/EventCreate.js
FN:19,(anonymous_0)
FN:26,(anonymous_1)
FN:30,(anonymous_2)
FN:39,(anonymous_3)
FN:54,(anonymous_4)
FN:80,(anonymous_5)
FN:89,(anonymous_6)
FNF:7
FNH:7
FNDA:4,(anonymous_0)
FNDA:4,(anonymous_1)
FNDA:4,(anonymous_2)
FNDA:2,(anonymous_3)
FNDA:8,(anonymous_4)
FNDA:1,(anonymous_5)
FNDA:1,(anonymous_6)
DA:12,4
DA:20,4
DA:21,4
DA:24,4
DA:25,4
DA:26,4
DA:27,4
DA:31,4
DA:32,4
DA:33,4
DA:34,4
DA:35,4
DA:36,4
DA:40,2
DA:41,2
DA:43,2
DA:51,2
DA:55,8
DA:56,8
DA:58,8
DA:80,1
DA:89,1
LF:22
LH:22
BRDA:26,0,0,4
BRDA:26,0,1,4
BRDA:27,1,0,4
BRDA:27,1,1,4
BRF:4
BRH:4
end_of_record
TN:
SF:src/events/EventList.js
FN:9,(anonymous_0)
FN:15,(anonymous_1)
FN:21,(anonymous_2)
FN:23,(anonymous_3)
FN:24,(anonymous_4)
FN:29,(anonymous_5)
FN:32,(anonymous_6)
FNF:7
FNH:7
FNDA:4,(anonymous_0)
FNDA:4,(anonymous_1)
FNDA:4,(anonymous_2)
FNDA:1,(anonymous_3)
FNDA:1,(anonymous_4)
FNDA:5,(anonymous_5)
FNDA:2,(anonymous_6)
DA:10,4
DA:11,4
DA:12,4
DA:17,4
DA:22,4
DA:23,1
DA:24,1
DA:30,5
DA:32,5
DA:33,2
DA:41,5
LF:11
LH:11
BRDA:12,0,0,4
BRDA:12,0,1,4
BRDA:17,1,0,4
BRDA:17,1,1,0
BRF:4
BRH:3
end_of_record
